<?xml version="1.0" encoding="utf-8"?><testsuites name="pytest tests"><testsuite name="pytest" errors="0" failures="0" skipped="0" tests="34" time="15.819" timestamp="2026-05-23T21:21:31.798235+00:00" hostname="agent-env-6f30cd07-ca5e-4012-9b79-c4541ecfa4f3"><testcase classname="tests.test_tharaga_api.TestHealth" name="test_health" time="0.533" /><testcase classname="tests.test_tharaga_api.TestHealth" name="test_root" time="0.048" /><testcase classname="tests.test_tharaga_api.TestHealth" name="test_request_id_header" time="0.360" /><testcase classname="tests.test_tharaga_api.TestLeads" name="test_create_lead" time="1.387" /><testcase classname="tests.test_tharaga_api.TestLeads" name="test_create_lead_duplicate_phone_returns_409" time="0.665" /><testcase classname="tests.test_tharaga_api.TestLeads" name="test_get_lead" time="0.371" /><testcase classname="tests.test_tharaga_api.TestLeads" name="test_get_lead_score" time="0.678" /><testcase classname="tests.test_tharaga_api.TestLeads" name="test_get_lead_activities" time="0.364" /><testcase classname="tests.test_tharaga_api.TestLeads" name="test_search_leads" time="0.362" /><testcase classname="tests.test_tharaga_api.TestLeads" name="test_leads_by_tier" time="0.392" /><testcase classname="tests.test_tharaga_api.TestLeads" name="test_get_lead_not_found" time="0.361" /><testcase classname="tests.test_tharaga_api.TestLeads" name="test_create_lead_invalid" time="0.047" /><testcase classname="tests.test_tharaga_api.TestProperties" name="test_search_properties" time="0.377" /><testcase classname="tests.test_tharaga_api.TestProperties" name="test_search_with_filters" time="0.476" /><testcase classname="tests.test_tharaga_api.TestProperties" name="test_get_property" time="0.690" /><testcase classname="tests.test_tharaga_api.TestProperties" name="test_get_property_score" time="0.821" /><testcase classname="tests.test_tharaga_api.TestProperties" name="test_property_not_found" time="0.353" /><testcase classname="tests.test_tharaga_api.TestProperties" name="test_verify_rera_valid" time="0.763" /><testcase classname="tests.test_tharaga_api.TestProperties" name="test_verify_rera_invalid" time="1.165" /><testcase classname="tests.test_tharaga_api.TestTools" name="test_roi_calculator" time="0.046" /><testcase classname="tests.test_tharaga_api.TestTools" name="test_emi_calculator" time="0.047" /><testcase classname="tests.test_tharaga_api.TestTools" name="test_budget_planner" time="0.047" /><testcase classname="tests.test_tharaga_api.TestTools" name="test_loan_eligibility" time="0.048" /><testcase classname="tests.test_tharaga_api.TestTools" name="test_loan_ineligible" time="0.046" /><testcase classname="tests.test_tharaga_api.TestTools" name="test_property_valuation" time="0.376" /><testcase classname="tests.test_tharaga_api.TestAnalytics" name="test_live_metrics" time="0.960" /><testcase classname="tests.test_tharaga_api.TestAnalytics" name="test_market_data" time="0.378" /><testcase classname="tests.test_tharaga_api.TestIntegrations" name="test_meta_capi_event" time="0.634" /><testcase classname="tests.test_tharaga_api.TestIntegrations" name="test_meta_capi_event_validation" time="0.048" /><testcase classname="tests.test_tharaga_api.TestIntegrations" name="test_whatsapp_send_not_configured" time="0.048" /><testcase classname="tests.test_tharaga_api.TestIntegrations" name="test_whatsapp_send_validation" time="0.048" /><testcase classname="tests.test_tharaga_api.TestIntegrations" name="test_zoho_sync_not_configured" time="0.047" /><testcase classname="tests.test_tharaga_api.TestRateLimit" name="test_rate_limit_tools_shared_across_subpaths" time="1.186" /><testcase classname="tests.test_tharaga_api.TestRateLimit" name="test_rate_limit_leads_tighter" time="1.321" /></testsuite></testsuites>