<?xml version="1.0" encoding="utf-8"?><testsuites name="pytest tests"><testsuite name="pytest" errors="0" failures="0" skipped="1" tests="30" time="12.182" timestamp="2026-05-23T21:05:49.622703+00:00" hostname="agent-env-6f30cd07-ca5e-4012-9b79-c4541ecfa4f3"><testcase classname="tests.test_tharaga_api.TestHealth" name="test_health" time="0.321" /><testcase classname="tests.test_tharaga_api.TestHealth" name="test_root" time="0.046" /><testcase classname="tests.test_tharaga_api.TestHealth" name="test_request_id_header" time="0.350" /><testcase classname="tests.test_tharaga_api.TestLeads" name="test_create_lead" time="1.321" /><testcase classname="tests.test_tharaga_api.TestLeads" name="test_get_lead" time="0.353" /><testcase classname="tests.test_tharaga_api.TestLeads" name="test_get_lead_score" time="0.654" /><testcase classname="tests.test_tharaga_api.TestLeads" name="test_get_lead_activities" time="0.355" /><testcase classname="tests.test_tharaga_api.TestLeads" name="test_search_leads" time="0.352" /><testcase classname="tests.test_tharaga_api.TestLeads" name="test_leads_by_tier" time="1.053" /><testcase classname="tests.test_tharaga_api.TestLeads" name="test_get_lead_not_found" time="0.349" /><testcase classname="tests.test_tharaga_api.TestLeads" name="test_create_lead_invalid" time="0.048" /><testcase classname="tests.test_tharaga_api.TestProperties" name="test_search_properties" time="0.355" /><testcase classname="tests.test_tharaga_api.TestProperties" name="test_search_with_filters" time="0.359" /><testcase classname="tests.test_tharaga_api.TestProperties" name="test_get_property" time="0.657" /><testcase classname="tests.test_tharaga_api.TestProperties" name="test_get_property_score" time="0.667" /><testcase classname="tests.test_tharaga_api.TestProperties" name="test_property_not_found" time="0.356" /><testcase classname="tests.test_tharaga_api.TestProperties" name="test_verify_rera_valid" time="0.361"><skipped type="pytest.xfail" message="RERA mock fallback bypassed when rera_verification table missing" /></testcase><testcase classname="tests.test_tharaga_api.TestProperties" name="test_verify_rera_invalid" time="0.365" /><testcase classname="tests.test_tharaga_api.TestTools" name="test_roi_calculator" time="0.047" /><testcase classname="tests.test_tharaga_api.TestTools" name="test_emi_calculator" time="0.048" /><testcase classname="tests.test_tharaga_api.TestTools" name="test_budget_planner" time="0.047" /><testcase classname="tests.test_tharaga_api.TestTools" name="test_loan_eligibility" time="0.049" /><testcase classname="tests.test_tharaga_api.TestTools" name="test_loan_ineligible" time="0.046" /><testcase classname="tests.test_tharaga_api.TestTools" name="test_property_valuation" time="0.361" /><testcase classname="tests.test_tharaga_api.TestAnalytics" name="test_live_metrics" time="0.357" /><testcase classname="tests.test_tharaga_api.TestAnalytics" name="test_market_data" time="0.371" /><testcase classname="tests.test_tharaga_api.TestIntegrations" name="test_meta_capi_event" time="0.552" /><testcase classname="tests.test_tharaga_api.TestIntegrations" name="test_whatsapp_send_not_configured" time="0.046" /><testcase classname="tests.test_tharaga_api.TestIntegrations" name="test_zoho_sync_not_configured" time="0.049" /><testcase classname="tests.test_tharaga_api.TestRateLimit" name="test_rate_limit_tools" time="1.612" /></testsuite></testsuites>